<?xml version="1.0" encoding="UTF-8"?>
<!-- Generated by org.testng.reporters.JUnitXMLReporter -->
<testsuite ignored="0" hostname="GFG19667-LAPTOP" failures="0" tests="7" name="Regression suite - All Tests" time="54.051" errors="0" timestamp="2025-01-29T11:34:15 IST">
  <testcase classname="io.learn.tests.LoginTest" name="testLoginSuccess" time="0.12"/>
  <testcase classname="io.learn.tests.LoginTest" name="testLoginFailure" time="0.686"/>
  <testcase classname="io.learn.tests.LogoutTest" name="testLogout" time="0.262"/>
  <testcase classname="io.learn.tests.ProductTest" name="testProductDetails" time="0.079"/>
  <testcase classname="io.learn.tests.ProductTest" name="testAddToCart" time="0.121"/>
  <testcase classname="io.learn.tests.CartTest" name="testAddingProductToCart" time="0.181"/>
  <testcase classname="io.learn.tests.CartTest" name="testRemoveFromCart" time="0.084"/>
</testsuite> <!-- Regression suite - All Tests -->
