<?xml version="1.0" encoding="UTF-8"?>
<!-- Generated by org.testng.reporters.JUnitXMLReporter -->
<testsuite ignored="0" hostname="GFG19667-LAPTOP" failures="0" tests="7" name="Regression suite - parallel Tests" time="29.228" errors="0" timestamp="2025-01-29T12:28:25 IST">
  <testcase classname="io.learn.tests.LoginTest" name="testLoginSuccess" time="0.048"/>
  <testcase classname="io.learn.tests.LogoutTest" name="testLogout" time="0.551"/>
  <testcase classname="io.learn.tests.LoginTest" name="testLoginFailure" time="0.839"/>
  <testcase classname="io.learn.tests.ProductTest" name="testProductDetails" time="0.09"/>
  <testcase classname="io.learn.tests.ProductTest" name="testAddToCart" time="0.5"/>
  <testcase classname="io.learn.tests.CartTest" name="testAddingProductToCart" time="0.483"/>
  <testcase classname="io.learn.tests.CartTest" name="testRemoveFromCart" time="0.245"/>
</testsuite> <!-- Regression suite - parallel Tests -->
