<?xml version="1.0" encoding="UTF-8"?>
<!-- Generated by org.testng.reporters.JUnitXMLReporter -->
<testsuite ignored="1" hostname="GFG19667-LAPTOP" failures="0" tests="2" name="Smoke suite - All Tests" time="32.64" errors="0" timestamp="2025-01-29T12:49:36 IST">
  <testcase classname="io.learn.tests.LoginTest" name="testLoginSuccess" time="0.095"/>
  <testcase classname="io.learn.tests.LogoutTest" name="testLogout" time="0.281"/>
  <testcase classname="io.learn.tests.LoginTest" name="testLoginFailure" time="0.0">
    <ignored/>
  </testcase> <!-- testLoginFailure -->
</testsuite> <!-- Smoke suite - All Tests -->
