<?xml version="1.0" encoding="UTF-8"?>
<testng-results ignored="0" total="1" passed="1" failed="0" skipped="0">
  <reporter-output>
  </reporter-output>
  <suite started-at="2025-01-28T11:47:27 IST" name="Default suite" finished-at="2025-01-28T11:47:33 IST" duration-ms="5799">
    <groups>
    </groups>
    <test started-at="2025-01-28T11:47:27 IST" name="Default test" finished-at="2025-01-28T11:47:33 IST" duration-ms="5799">
      <class name="io.learn.tests.LoginTest">
        <test-method is-config="true" signature="setUp()[pri:0, instance:io.learn.tests.LoginTest@4201c465]" started-at="2025-01-28T11:47:27 IST" name="setUp" finished-at="2025-01-28T11:47:32 IST" duration-ms="4598" status="PASS">
          <reporter-output>
          </reporter-output>
        </test-method> <!-- setUp -->
        <test-method signature="testLoginFlow()[pri:0, instance:io.learn.tests.LoginTest@4201c465]" started-at="2025-01-28T11:47:32 IST" name="testLoginFlow" finished-at="2025-01-28T11:47:32 IST" duration-ms="647" status="PASS">
          <reporter-output>
          </reporter-output>
        </test-method> <!-- testLoginFlow -->
        <test-method is-config="true" signature="tearDown()[pri:0, instance:io.learn.tests.LoginTest@4201c465]" started-at="2025-01-28T11:47:32 IST" name="tearDown" finished-at="2025-01-28T11:47:33 IST" duration-ms="490" status="PASS">
          <reporter-output>
          </reporter-output>
        </test-method> <!-- tearDown -->
      </class> <!-- io.learn.tests.LoginTest -->
    </test> <!-- Default test -->
  </suite> <!-- Default suite -->
</testng-results>
